<?xml version="1.0" encoding="UTF-8"?>
<!-- Generated by org.testng.reporters.JUnitXMLReporter -->
<testsuite ignored="0" hostname="rhaimi-imed" failures="0" tests="4" name="Test" time="46.929" errors="0" timestamp="2022-10-27T10:40:12 GMT+01:00">
  <testcase classname="TestCases.TestPages" name="LinkAssistance" time="32.561"/>
  <testcase classname="TestCases.TestPages" name="Textagent" time="0.039"/>
  <testcase classname="TestCases.TestPages" name="SearchOperation" time="0.25"/>
  <testcase classname="TestCases.TestPages" name="VerifTextResult" time="0.044"/>
</testsuite> <!-- Test -->
